<testsuites id="" name="" tests="8" failures="1" skipped="7" errors="0" time="3.941021">
<testsuite name="amazon-advanced.test.js" timestamp="2026-06-15T19:42:26.157Z" hostname="" tests="8" failures="1" skipped="7" time="2.722" errors="0">
<testcase name="Amazon.com Advanced E2E Tests › 01. HOME PAGE LOAD &amp; UI ELEMENTS VERIFICATION" classname="amazon-advanced.test.js" time="2.722">
<system-out>
<![CDATA[
█ STEP: Loading Amazon home page

█ → INFO: Navigation Response: 202
  → ASSERT: Current URL: https://www.amazon.com/

█ ✓ SUCCESS: Home page URL verified
  → ASSERT: Page Title: 

█ ✗ ERROR: Home page verification failed: [2mexpect([22m[31mreceived[39m[2m).[22mtoBeGreaterThan[2m([22m[32mexpected[39m[2m)[22m

Expected: > [32m0[39m
Received:   [31m0[39m

[[ATTACHMENT|amazon-advanced-Amazon-com-c4737-AD-UI-ELEMENTS-VERIFICATION\test-failed-1.png]]

[[ATTACHMENT|amazon-advanced-Amazon-com-c4737-AD-UI-ELEMENTS-VERIFICATION\video.webm]]

[[ATTACHMENT|amazon-advanced-Amazon-com-c4737-AD-UI-ELEMENTS-VERIFICATION\error-context.md]]

[[ATTACHMENT|amazon-advanced-Amazon-com-c4737-AD-UI-ELEMENTS-VERIFICATION\trace.zip]]
]]>
</system-out>
<failure message="expect(received).toBeGreaterThan(expected)" type="expect.toBeGreaterThan">
<![CDATA[  amazon-advanced.test.js:52:3 › Amazon.com Advanced E2E Tests › 01. HOME PAGE LOAD & UI ELEMENTS VERIFICATION 

    Error: expect(received).toBeGreaterThan(expected)

    Expected: > 0
    Received:   0

      67 |       const title = await page.title();
      68 |       log.assert(`Page Title: ${title}`);
    > 69 |       expect(title.length).toBeGreaterThan(0);
         |                            ^
      70 |       log.success('Page title verified');
      71 |
      72 |       // Wait for main content
        at C:\Playwright Automation\Amazon\amazon-playwright-test\src\tests\amazon-advanced.test.js:69:28

    attachment #1: screenshot (image/png) ──────────────────────────────────────────────────────────
    ..\..\test-results\amazon-advanced-Amazon-com-c4737-AD-UI-ELEMENTS-VERIFICATION\test-failed-1.png
    ────────────────────────────────────────────────────────────────────────────────────────────────

    attachment #2: video (video/webm) ──────────────────────────────────────────────────────────────
    ..\..\test-results\amazon-advanced-Amazon-com-c4737-AD-UI-ELEMENTS-VERIFICATION\video.webm
    ────────────────────────────────────────────────────────────────────────────────────────────────

    Error Context: ..\..\test-results\amazon-advanced-Amazon-com-c4737-AD-UI-ELEMENTS-VERIFICATION\error-context.md

    attachment #4: trace (application/zip) ─────────────────────────────────────────────────────────
    ..\..\test-results\amazon-advanced-Amazon-com-c4737-AD-UI-ELEMENTS-VERIFICATION\trace.zip
    Usage:

        npx playwright show-trace ..\..\test-results\amazon-advanced-Amazon-com-c4737-AD-UI-ELEMENTS-VERIFICATION\trace.zip

    ────────────────────────────────────────────────────────────────────────────────────────────────
]]>
</failure>
</testcase>
<testcase name="Amazon.com Advanced E2E Tests › 02. SEARCH FOR PRODUCT &amp; VERIFY RESULTS" classname="amazon-advanced.test.js">
<skipped>
</skipped>
</testcase>
<testcase name="Amazon.com Advanced E2E Tests › 03. NAVIGATE TO PRODUCT &amp; ADD TO CART" classname="amazon-advanced.test.js">
<skipped>
</skipped>
</testcase>
<testcase name="Amazon.com Advanced E2E Tests › 04. NAVIGATE TO SHOPPING CART" classname="amazon-advanced.test.js">
<skipped>
</skipped>
</testcase>
<testcase name="Amazon.com Advanced E2E Tests › 05. VERIFY NAVIGATION MENU &amp; CATEGORIES" classname="amazon-advanced.test.js">
<skipped>
</skipped>
</testcase>
<testcase name="Amazon.com Advanced E2E Tests › 06. URL NAVIGATION VERIFICATION" classname="amazon-advanced.test.js">
<skipped>
</skipped>
</testcase>
<testcase name="Amazon.com Advanced E2E Tests › 07. SEARCH WITH FILTERS &amp; VERIFICATION" classname="amazon-advanced.test.js">
<skipped>
</skipped>
</testcase>
<testcase name="Amazon.com Advanced E2E Tests › 08. PRODUCT AVAILABILITY &amp; STOCK STATUS" classname="amazon-advanced.test.js">
<skipped>
</skipped>
</testcase>
</testsuite>
</testsuites>